<?xml version="1.0" encoding="UTF-8"?>
<testsuite xmlns:xsi="http://www.w3.org/2001/XMLSchema-instance" xsi:noNamespaceSchemaLocation="https://maven.apache.org/surefire/maven-surefire-plugin/xsd/surefire-test-report-3.0.xsd" version="3.0" name="opengl.fbo.macos.TestGL_macOS_10_15_3" time="0.161" tests="1" errors="0" skipped="0" failures="0">
  <properties>
[...]
</properties>
  <testcase name="whenInitDefault_ThenDoNotInvokeGlut" classname="opengl.fbo.macos.TestGL_macOS_10_15_3" time="0.001"/>
</testsuite>