<?xml version="1.0" encoding="UTF-8"?>
<testsuite xmlns:xsi="http://www.w3.org/2001/XMLSchema-instance" xsi:noNamespaceSchemaLocation="https://maven.apache.org/surefire/maven-surefire-plugin/xsd/surefire-test-report-3.0.xsd" version="3.0" name="org.jzy3d.os.TestOperatingSystem" time="0.132" tests="3" errors="0" skipped="0" failures="0">
  <properties>
[...]
</properties>
  <testcase name="unix" classname="org.jzy3d.os.TestOperatingSystem" time="0.004"/>
  <testcase name="macos" classname="org.jzy3d.os.TestOperatingSystem" time="0"/>
  <testcase name="windows" classname="org.jzy3d.os.TestOperatingSystem" time="0"/>
</testsuite>